C51 COMPILER V9.60.7.0   MAIN                                                              12/29/2025 21:49:48 PAGE 1   


C51 COMPILER V9.60.7.0, COMPILATION OF MODULE MAIN
OBJECT MODULE PLACED IN ..\Output\main.obj
COMPILER INVOKED BY: D:\APP\KEIL\MDK\C51\BIN\C51.EXE ..\Core\Src\main.c LARGE OPTIMIZE(8,SPEED) BROWSE INCDIR(..\Driver;
                    -..\SYSTEM\Inc;..\BSP\Inc;..\Core\Inc;..\Emembed\Inc) DEBUG OBJECTEXTEND PRINT(.\Listings\main.lst) TABS(2) OBJECT(..\Out
                    -put\main.obj)

line level    source

   1          #include "main.h"
   2          
   3          /******************** 主函数 **************************/
   4          void main(void)
   5          {
   6   1          P_SW2 |= 0x80;     //扩展寄存器(XFR)访问使能
   7   1      
   8   1          GPIO_Init();
   9   1      
  10   1        /*  调试使用 printf  */
  11   1        Uart1_Init();
  12   1        Timer3_Init();
  13   1      
  14   1        /*  485通讯  */
  15   1        Uart4_Init();
  16   1        Uart4_Send_Statu_Init();    //接收发送初始化
  17   1          Timer0_Init();              //不定长数据接收
  18   1        modbus_params_init();
  19   1      
  20   1          EA = 1;     //打开总中断
  21   1      
  22   1        lcd_info_init();
  23   1        led_status_ctrl(LED_SLEEP);
  24   1      
  25   1        delay_ms(1000);
  26   1      
  27   1        while(lcd_info.Power_Swtich == 0)
  28   1        {
  29   2          key_scan();
  30   2          delay_ms(10);
  31   2        }
  32   1        screen_init();
  33   1      
  34   1        // while ( lcd_info.lcd_connect_flag == 0 ) 
  35   1        // {
  36   1        //  read_slave_03();
  37   1        //  Modbus_Event();
  38   1        //  delay_ms(50);
  39   1        // }
  40   1        screen_all_dis();
  41   1      
  42   1        printf("====== code start ====== \r\n");
  43   1      
  44   1          while(1)
  45   1          {
  46   2          Modbus_Event();
  47   2          key_scan();
  48   2          sync_icon_ctrl();
  49   2          get_slave_status();
  50   2        }
  51   1      }
  52          

C51 COMPILER V9.60.7.0   MAIN                                                              12/29/2025 21:49:48 PAGE 2   


MODULE INFORMATION:   STATIC OVERLAYABLE
   CODE SIZE        =     87    ----
   CONSTANT SIZE    =     28    ----
   XDATA SIZE       =   ----    ----
   PDATA SIZE       =   ----    ----
   DATA SIZE        =   ----    ----
   IDATA SIZE       =   ----    ----
   BIT SIZE         =   ----    ----
END OF MODULE INFORMATION.


C51 COMPILATION COMPLETE.  0 WARNING(S),  0 ERROR(S)
