C51 COMPILER V9.60.7.0   COMMON                                                            12/29/2025 15:57:58 PAGE 1   


C51 COMPILER V9.60.7.0, COMPILATION OF MODULE COMMON
OBJECT MODULE PLACED IN ..\Output\common.obj
COMPILER INVOKED BY: D:\APP\KEIL\MDK\C51\BIN\C51.EXE ..\Emembed\Src\common.c LARGE OPTIMIZE(8,SPEED) BROWSE INCDIR(..\BS
                    -P\Inc;..\Core\Inc;..\Driver;..\Emembed\Inc;..\SYSTEM\Inc) DEBUG OBJECTEXTEND PRINT(.\Listings\common.lst) TABS(2) OBJECT
                    -(..\Output\common.obj)

line level    source

   1          #include "common.h"
   2          
   3          /**
   4           * @brief 一些定时执行的事件   Timer3：10ms
   5           *
   6           * @param   
   7           *
   8           * @return  void
   9          **/
  10          void Tim3_ISR( void ) interrupt 19
  11          {
  12   1          static uint8_t  signal_up_cnt   = 0;
  13   1          static uint8_t  signal_down_cnt = 0;
  14   1      
  15   1          static uint16_t temp_scan_cnt = 0;
  16   1      
  17   1          static uint16_t OTP1_cnt = 0;
  18   1          static uint16_t OTP2_cnt = 0;
  19   1          static uint8_t Buzzer_status = 1;
  20   1          static uint16_t fan_delay_cnt = 0;
  21   1      
  22   1          /* 1, Signal_IN状态查询 + 防抖      */
  23   1          if( Signal_IN == 0 )
  24   1          {
  25   2              signal_up_cnt++;
  26   2              signal_down_cnt = 0;
  27   2              if( signal_up_cnt == 5 )    //50ms防抖处理
  28   2              {
  29   3                  signal_up_cnt = 0;
  30   3                  power_ctrl.signal_flag = 1;
  31   3              }
  32   2          }else
  33   1          {
  34   2              signal_down_cnt++;
  35   2              signal_up_cnt = 0;
  36   2              if( signal_down_cnt == 5 )
  37   2              {
  38   3                  signal_down_cnt = 0;
  39   3                  power_ctrl.signal_flag = 0;
  40   3              }
  41   2          }
  42   1      
  43   1          /* 2, temp 上报 1s/次                             */
  44   1          if( temp.temp_scan_flag == 0 )
  45   1          {
  46   2              temp_scan_cnt++;
  47   2              if( temp_scan_cnt == 100 )
  48   2              {
  49   3                  temp_scan_cnt = 0;
  50   3                  temp.temp_scan_flag = 1;
  51   3              }
  52   2          }
  53   1          
C51 COMPILER V9.60.7.0   COMMON                                                            12/29/2025 15:57:58 PAGE 2   

  54   1          /* 3, 过温保护蜂鸣器叫声控制                        */
  55   1          if( power_ctrl.OTP1_alarm_flag == 1 )   //过温保护1
  56   1          {
  57   2              OTP1_cnt++;
  58   2              if( OTP1_cnt == 50 )
  59   2              {
  60   3                  Buzzer_status = 1- Buzzer_status;
  61   3                  if( Buzzer_status == 0 )
  62   3                  {
  63   4                      Buzzer = BUZZER_ON;
  64   4                  }else
  65   3                  {
  66   4                      Buzzer = BUZZER_OFF;
  67   4                  }
  68   3                  OTP1_cnt = 0;
  69   3              }
  70   2          }
  71   1      
  72   1          if( power_ctrl.OTP2_alarm_flag == 1 )   //过温保护2
  73   1          {
  74   2              OTP2_cnt++;
  75   2              if( OTP2_cnt == 200 )
  76   2              {
  77   3                  OTP2_cnt = 1;   // 重置计数器 
  78   3              }
  79   2      
  80   2              // 判断是否在蜂鸣器开启的区间
  81   2              if( (OTP2_cnt >= 20 && OTP2_cnt <= 39) || 
  82   2                  (OTP2_cnt >= 60 && OTP2_cnt <= 79) || 
  83   2                  (OTP2_cnt >= 100 && OTP2_cnt <= 119) )
  84   2              {
  85   3                  Buzzer = BUZZER_ON;
  86   3              }
  87   2              else
  88   2              {
  89   3                  Buzzer = BUZZER_OFF;
  90   3              }
  91   2          }
  92   1      
  93   1          /* 4, 风扇延时关闭                        */
  94   1          if( power_ctrl.fan_delay_flag == 1 )
  95   1          {
  96   2              fan_delay_cnt++;
  97   2              if( fan_delay_cnt == 1500 )
  98   2              { 
  99   3                  fan_delay_cnt = 0;
 100   3                  power_ctrl.FAN_enable = 0;
 101   3                  power_ctrl.fan_delay_flag = 0;
 102   3              }
 103   2          }else
 104   1          {
 105   2              fan_delay_cnt = 0;
 106   2          }
 107   1      }


MODULE INFORMATION:   STATIC OVERLAYABLE
   CODE SIZE        =    344    ----
   CONSTANT SIZE    =   ----    ----
   XDATA SIZE       =     11    ----
   PDATA SIZE       =   ----    ----
   DATA SIZE        =   ----    ----
C51 COMPILER V9.60.7.0   COMMON                                                            12/29/2025 15:57:58 PAGE 3   

   IDATA SIZE       =   ----    ----
   BIT SIZE         =   ----    ----
END OF MODULE INFORMATION.


C51 COMPILATION COMPLETE.  0 WARNING(S),  0 ERROR(S)
