C51 COMPILER V9.60.7.0   MAIN                                                              12/28/2025 23:07:15 PAGE 1   


C51 COMPILER V9.60.7.0, COMPILATION OF MODULE MAIN
OBJECT MODULE PLACED IN ..\Output\main.obj
COMPILER INVOKED BY: D:\APP\KEIL\MDK\C51\BIN\C51.EXE ..\Core\Src\main.c LARGE OPTIMIZE(8,SPEED) BROWSE INCDIR(..\BSP\Inc
                    -;..\Core\Inc;..\Driver;..\Emembed\Inc;..\SYSTEM\Inc) DEBUG OBJECTEXTEND PRINT(.\Listings\main.lst) TABS(2) OBJECT(..\Out
                    -put\main.obj)

line level    source

   1          #include "main.h"
   2          
   3          void main( void )
   4          {
   5   1          P_SW2 |= 0x80;
   6   1          
   7   1          GPIO_Init();
   8   1      
   9   1          /*  调试使用 printf  */
  10   1          Uart1_Init();
  11   1          
  12   1          /*  温度控制  */
  13   1          ADC_Init();
  14   1      
  15   1          /*  485控制  */
  16   1          Uart4_Init();               //串口4用作485
  17   1          Uart4_Send_Statu_Init();    //接收发送初始化
  18   1          Timer0_Init();              //不定长数据接收
  19   1      
  20   1          /*  PWM控制  */
  21   1          PWM_Init();
  22   1      
  23   1          /*  3路220输出控制  */
  24   1          Power_Statu_Init();
  25   1          INT0_Init();
  26   1          Timer1_Init();
  27   1      
  28   1          /*  定时事件  */
  29   1          Timer3_Init();
  30   1      
  31   1          EA = 1;     //中断总开关
  32   1      
  33   1          eeprom_statu_judge();       //EEPROM初始化
  34   1          PWMB_BKR = 0x00; 
  35   1          EX0 = 0;
  36   1          FAN_TMEP = 0;
  37   1          Buzzer = 1;
  38   1          while ( ac_dc.connect_flag == 0 )
  39   1          {
  40   2              Modbus_Event();
  41   2          }
  42   1          
  43   1          printf("========== code start ========== \r\n");
  44   1      
  45   1          while (1)
  46   1          {
  47   2              fan_delay_ctrl();
  48   2              Modbus_Event();
  49   2              ac_dc_ctrl();
  50   2              temp_scan();
  51   2          }  
  52   1      }

C51 COMPILER V9.60.7.0   MAIN                                                              12/28/2025 23:07:15 PAGE 2   


MODULE INFORMATION:   STATIC OVERLAYABLE
   CODE SIZE        =     86    ----
   CONSTANT SIZE    =     36    ----
   XDATA SIZE       =   ----    ----
   PDATA SIZE       =   ----    ----
   DATA SIZE        =   ----    ----
   IDATA SIZE       =   ----    ----
   BIT SIZE         =   ----    ----
END OF MODULE INFORMATION.


C51 COMPILATION COMPLETE.  0 WARNING(S),  0 ERROR(S)
